<?xml version="1.0" encoding="UTF-8"?>
<testsuite xmlns:xsi="http://www.w3.org/2001/XMLSchema-instance" xsi:noNamespaceSchemaLocation="https://maven.apache.org/surefire/maven-surefire-plugin/xsd/surefire-test-report.xsd" name="com.zhangyiteen.bowlinggame.BowlingTest" time="0.159" tests="7" errors="0" skipped="0" failures="0">
  <properties>
[...]
</properties>
  <testcase name="testNoSpareNoStrike{int, List}[1]" classname="com.zhangyiteen.bowlinggame.BowlingTest" time="0.042"/>
  <testcase name="testNoSpareNoStrike{int, List}[2]" classname="com.zhangyiteen.bowlinggame.BowlingTest" time="0.006"/>
  <testcase name="testNoSpareNoStrike{int, List}[3]" classname="com.zhangyiteen.bowlinggame.BowlingTest" time="0"/>
  <testcase name="testNoSpareNoStrike{int, List}[4]" classname="com.zhangyiteen.bowlinggame.BowlingTest" time="0.001"/>
  <testcase name="testNoSpareNoStrike{int, List}[5]" classname="com.zhangyiteen.bowlinggame.BowlingTest" time="0.006"/>
  <testcase name="testNoSpareNoStrike{int, List}[6]" classname="com.zhangyiteen.bowlinggame.BowlingTest" time="0.002"/>
  <testcase name="testNoSpareNoStrike{int, List}[7]" classname="com.zhangyiteen.bowlinggame.BowlingTest" time="0.001"/>
</testsuite>